02/27/2020 12:57:09 Function: FileCopy
02/27/2020 12:57:09 C:\origin-destination already exists.
02/27/2020 12:57:09 [ERROR] Failed to map \\localhost\origin to Z. Unable to initiate file copy.
02/27/2020 12:57:09 Please ensure computer is connected to the network, \\localhost\origin is accessible, and credentials are valid.
02/27/2020 12:58:40 Function: FileCopy
02/27/2020 12:58:40 Created C:\origin-destination directory...
02/27/2020 12:58:40 [ERROR] Failed to map \\localhost\origin to Z. Unable to initiate file copy.
02/27/2020 12:58:40 Please ensure computer is connected to the network, \\localhost\origin is accessible, and credentials are valid.
02/27/2020 12:58:53 Function: FileCopy
02/27/2020 12:58:53 C:\origin-destination already exists.
02/27/2020 12:58:53 [ERROR] Failed to map \\localhost\origin to Z. Unable to initiate file copy.
02/27/2020 12:58:53 Please ensure computer is connected to the network, \\localhost\origin is accessible, and credentials are valid.
02/27/2020 12:59:36 Function: FileCopy
02/27/2020 12:59:36 C:\origin-destination already exists.
02/27/2020 12:59:36 Mapped Z drive to \\localhost\origin...
02/27/2020 12:59:36 Copying files to C:\origin-destination...
02/27/2020 12:59:37 [COMPLETE] File transfer!
02/27/2020 12:59:37 Deleting mapped drive...
02/27/2020 13:01:15 Function: FileCopy
02/27/2020 13:01:15 C:\origin-destination already exists.
02/27/2020 13:01:17 Mapped Z drive to \\localhost\origin...
02/27/2020 13:01:17 Copying files to C:\origin-destination...
02/27/2020 13:01:17 [COMPLETE] File transfer!
02/27/2020 13:01:17 Deleting mapped drive...
02/27/2020 13:01:57 Function: FileCopy
02/27/2020 13:01:57 C:\origin-destination already exists.
02/27/2020 13:01:57 Mapped Z drive to \\localhost\origin...
02/27/2020 13:01:58 Copying files to C:\origin-destination...
02/27/2020 13:01:58 [COMPLETE] File transfer!
02/27/2020 13:01:58 Deleting mapped drive...
02/27/2020 13:03:23 Function: FileCopy
02/27/2020 13:03:23 C:\origin-destination already exists.
02/27/2020 13:03:25 Mapped Z drive to \\localhost\origin...
02/27/2020 13:03:25 Copying files to C:\origin-destination...
02/27/2020 13:03:25 [COMPLETE] File transfer!
02/27/2020 13:03:25 Deleting mapped drive...
02/27/2020 13:17:32 test
02/27/2020 13:17:54 Cannot find drive. A drive with the name 'Z' does not exist.
02/27/2020 13:18:47 Function: FileCopy
02/27/2020 13:18:47 C:\origin-destination already exists.
02/27/2020 13:18:49 [ERROR] The user name or password is incorrect
02/27/2020 13:22:04 Function: FileCopy
02/27/2020 13:22:04 Created C:\origin-destination directory...
02/27/2020 13:22:04 Mapped Z drive to \\localhost\origin...
02/27/2020 13:22:04 Copying files to C:\origin-destination...
02/27/2020 13:22:04 Deleting mapped drive...
02/27/2020 13:22:04 [COMPLETE] End Function: FileCopy
02/27/2020 13:25:00 Function: FileCopy
02/27/2020 13:25:00 C:\origin-destination exists.
02/27/2020 13:25:07 [ERROR] The network resource type is not correct
02/27/2020 13:25:07 [COMPLETE] End Function: FileCopy
02/27/2020 13:26:16 Function: FileCopy
02/27/2020 13:26:16 C:\origin-destination exists.
02/27/2020 13:26:18 [ERROR] Index was outside the bounds of the array.
02/27/2020 13:26:18 [COMPLETE] End Function: FileCopy
02/27/2020 13:29:31 Function: FileCopy
02/27/2020 13:29:31 C:\origin-destination exists.
02/27/2020 13:29:33 [ERROR] The user name or password is incorrect
02/27/2020 13:29:33 [COMPLETE] End Function: FileCopy
02/28/2020 09:56:35 WindowsUpdates.Cycles is > 1, but AutoLogon is not configured. Cycles will not execute as intended.
02/28/2020 09:56:51 [ERROR] WindowsUpdates.Cycles is > 1, but AutoLogon is not configured. Cycles will not execute as intended.
02/28/2020 11:24:00 [ERROR] WindowsUpdates.Cycles is > 1, but AutoLogon is not configured. Cycles will not execute as intended.
02/28/2020 11:26:03 [ERROR] WindowsUpdates.Cycles is > 1, but AutoLogon is not configured. Cycles will not execute as intended.
02/28/2020 11:27:50 [ERROR] AutoLogon is enabled, but Username or Password have not been set.
02/28/2020 11:27:50 [ERROR] AutoLogon fatal error, script exiting.
02/28/2020 11:28:23 [ERROR] AutoLogon is enabled, but Username or Password have not been set.
02/28/2020 11:28:23 [ERROR] AutoLogon fatal error, script exiting.
02/28/2020 11:28:30 [ERROR] AutoLogon is enabled, but Username or Password have not been set.
02/28/2020 11:28:30 [ERROR] AutoLogon fatal error, script exiting.
03/04/2020 12:33:02 Function: Software
03/04/2020 12:33:02 Installing software packages...
03/04/2020 12:33:03 [COMPLETE] Function: Software
03/04/2020 12:34:34 Function: Software
03/04/2020 12:34:34 Installing software packages...
03/04/2020 12:34:34 [ERROR] Access is denied.

Access is denied.

03/04/2020 12:34:34 [ERROR] Access is denied.

Access is denied.

03/04/2020 12:34:34 [ERROR] Access is denied.

Access is denied.

03/04/2020 12:34:34 [ERROR] Access is denied.

Access is denied.

03/04/2020 12:34:34 [ERROR] Access is denied.

Access is denied.

03/04/2020 12:34:34 [ERROR] Access is denied.

Access is denied.

03/04/2020 12:34:34 [ERROR] Access is denied.

Access is denied.

03/04/2020 12:34:34 [ERROR] Access is denied.

Access is denied.

03/04/2020 12:34:34 [ERROR] Access is denied.

Access is denied.

03/04/2020 12:34:34 [ERROR] Access is denied.

Access is denied.

03/04/2020 12:34:34 [ERROR] Access is denied.

Access is denied.

03/04/2020 12:34:34 [ERROR] Access is denied.

Access is denied.

03/04/2020 12:34:34 [ERROR] Access is denied.

Access is denied.

03/04/2020 12:34:34 [ERROR] Access is denied.

Access is denied.

03/04/2020 12:34:34 [ERROR] Access is denied.

Access is denied.

03/04/2020 12:34:34 [ERROR] Access is denied.

Access is denied.

03/04/2020 12:34:34 [ERROR] Access is denied.

Access is denied.

03/04/2020 12:34:34 [ERROR] Access is denied.

Access is denied.

03/04/2020 12:34:34 [ERROR] Access is denied.

Access is denied.

03/04/2020 12:34:34 [ERROR] Access is denied.

Access is denied.

03/04/2020 12:34:34 [ERROR] Access is denied.

Access is denied.

03/04/2020 12:34:34 [ERROR] Access is denied.

Access is denied.

03/04/2020 12:34:34 [ERROR] Access is denied.

Access is denied.

03/04/2020 12:34:34 [ERROR] Access is denied.

Access is denied.

03/04/2020 12:34:34 [ERROR] Access is denied.

Access is denied.

03/04/2020 12:34:34 [COMPLETE] Function: Software
03/04/2020 12:35:20 Function: Software
03/04/2020 12:35:20 Installing software packages...
03/04/2020 12:35:20 Attempting to remove Microsoft.XboxGameCallableUI.
03/04/2020 12:35:20 [ERROR] Access is denied.

Access is denied.

03/04/2020 12:35:20 Attempting to remove Microsoft.MicrosoftEdge.
03/04/2020 12:35:20 [ERROR] Access is denied.

Access is denied.

03/04/2020 12:35:20 Attempting to remove Microsoft.MixedReality.Portal.
03/04/2020 12:35:20 [ERROR] Access is denied.

Access is denied.

03/04/2020 12:35:20 Attempting to remove Microsoft.XboxGamingOverlay.
03/04/2020 12:35:20 [ERROR] Access is denied.

Access is denied.

03/04/2020 12:35:20 Attempting to remove Microsoft.YourPhone.
03/04/2020 12:35:20 [ERROR] Access is denied.

Access is denied.

03/04/2020 12:35:20 Attempting to remove Microsoft.Windows.Cortana.
03/04/2020 12:35:20 [ERROR] Access is denied.

Access is denied.

03/04/2020 12:35:20 Attempting to remove king.com.CandyCrushSaga.
03/04/2020 12:35:20 [ERROR] Access is denied.

Access is denied.

03/04/2020 12:35:20 Attempting to remove Microsoft.XboxGameOverlay.
03/04/2020 12:35:20 [ERROR] Access is denied.

Access is denied.

03/04/2020 12:35:20 Attempting to remove Microsoft.ZuneVideo.
03/04/2020 12:35:20 [ERROR] Access is denied.

Access is denied.

03/04/2020 12:35:20 Attempting to remove Microsoft.XboxApp.
03/04/2020 12:35:20 [ERROR] Access is denied.

Access is denied.

03/04/2020 12:35:20 Attempting to remove Microsoft.ZuneMusic.
03/04/2020 12:35:20 [ERROR] Access is denied.

Access is denied.

03/04/2020 12:35:20 Attempting to remove Microsoft.Xbox.TCUI.
03/04/2020 12:35:20 [ERROR] Access is denied.

Access is denied.

03/04/2020 12:35:20 Attempting to remove Microsoft.XboxSpeechToTextOverlay.
03/04/2020 12:35:20 [ERROR] Access is denied.

Access is denied.

03/04/2020 12:35:20 Attempting to remove Microsoft.BingWeather.
03/04/2020 12:35:20 [ERROR] Access is denied.

Access is denied.

03/04/2020 12:35:20 Attempting to remove Microsoft.Office.OneNote..
03/04/2020 12:35:20 [ERROR] Access is denied.

Access is denied.

03/04/2020 12:35:20 Attempting to remove Microsoft.People.
03/04/2020 12:35:20 [ERROR] Access is denied.

Access is denied.

03/04/2020 12:35:20 Attempting to remove Microsoft.WindowsMaps.
03/04/2020 12:35:20 [ERROR] Access is denied.

Access is denied.

03/04/2020 12:35:20 Attempting to remove Microsoft.XboxIdentityProvider.
03/04/2020 12:35:20 [ERROR] Access is denied.

Access is denied.

03/04/2020 12:35:20 Attempting to remove Microsoft.SkypeApp.
03/04/2020 12:35:20 [ERROR] Access is denied.

Access is denied.

03/04/2020 12:35:20 Attempting to remove Microsoft.OneConnect.
03/04/2020 12:35:20 [ERROR] Access is denied.

Access is denied.

03/04/2020 12:35:20 Attempting to remove Microsoft.MicrosoftOfficeHub.
03/04/2020 12:35:20 [ERROR] Access is denied.

Access is denied.

03/04/2020 12:35:20 Attempting to remove Microsoft.Messaging.
03/04/2020 12:35:20 [ERROR] Access is denied.

Access is denied.

03/04/2020 12:35:20 Attempting to remove BubbleWitch.
03/04/2020 12:35:20 [ERROR] Access is denied.

Access is denied.

03/04/2020 12:35:20 Attempting to remove 3DBuilder.
03/04/2020 12:35:20 [ERROR] Access is denied.

Access is denied.

03/04/2020 12:35:20 Attempting to remove Microsoft.MicrosoftSolitaireCollection.
03/04/2020 12:35:20 [ERROR] Access is denied.

Access is denied.

03/04/2020 12:35:20 [COMPLETE] Function: Software
